<?xml version="1.0" encoding="UTF-8"?>
<testng-results ignored="0" total="1" passed="1" failed="0" skipped="0">
  <reporter-output>
  </reporter-output>
  <suite started-at="2024-02-25T17:02:15 IST" name="Default suite" finished-at="2024-02-25T17:02:19 IST" duration-ms="3369">
    <groups>
    </groups>
    <test started-at="2024-02-25T17:02:15 IST" name="Default test" finished-at="2024-02-25T17:02:19 IST" duration-ms="3369">
      <class name="demo.oAuthTest2">
        <test-method signature="OAuth()[pri:0, instance:demo.oAuthTest2@6574a52c]" started-at="2024-02-25T17:02:15 IST" name="OAuth" finished-at="2024-02-25T17:02:19 IST" duration-ms="3315" status="PASS">
          <reporter-output>
          </reporter-output>
        </test-method> <!-- OAuth -->
      </class> <!-- demo.oAuthTest2 -->
    </test> <!-- Default test -->
  </suite> <!-- Default suite -->
</testng-results>
